<?xml version="1.0" encoding="UTF-8"?>
<testsuite xmlns:xsi="http://www.w3.org/2001/XMLSchema-instance" xsi:noNamespaceSchemaLocation="https://maven.apache.org/surefire/maven-surefire-plugin/xsd/surefire-test-report-3.0.xsd" version="3.0" name="com.it_academy.calculator.CalculatorBasicOperationsLogicTest" time="0.199" tests="20" errors="0" skipped="0" failures="0">
  <properties>
    <property name="java.specification.version" value="19"/>
    <property name="sun.cpu.isalist" value="amd64"/>
    <property name="sun.jnu.encoding" value="Cp1251"/>
    <property name="java.class.path" value="C:\Users\Medle\IdeaProjects\Calculator4ITAcad\target\test-classes;C:\Users\Medle\IdeaProjects\Calculator4ITAcad\target\classes;C:\Users\Medle\.m2\repository\org\junit\jupiter\junit-jupiter-engine\5.9.2\junit-jupiter-engine-5.9.2.jar;C:\Users\Medle\.m2\repository\org\junit\platform\junit-platform-engine\1.9.2\junit-platform-engine-1.9.2.jar;C:\Users\Medle\.m2\repository\org\apiguardian\apiguardian-api\1.1.2\apiguardian-api-1.1.2.jar;C:\Users\Medle\.m2\repository\org\junit\jupiter\junit-jupiter-api\5.9.2\junit-jupiter-api-5.9.2.jar;C:\Users\Medle\.m2\repository\org\opentest4j\opentest4j\1.2.0\opentest4j-1.2.0.jar;C:\Users\Medle\.m2\repository\org\junit\platform\junit-platform-commons\1.9.2\junit-platform-commons-1.9.2.jar;C:\Users\Medle\.m2\repository\org\junit\jupiter\junit-jupiter-params\5.9.2\junit-jupiter-params-5.9.2.jar;C:\Users\Medle\.m2\repository\org\junit\platform\junit-platform-suite\1.9.2\junit-platform-suite-1.9.2.jar;C:\Users\Medle\.m2\repository\org\junit\platform\junit-platform-suite-api\1.9.2\junit-platform-suite-api-1.9.2.jar;C:\Users\Medle\.m2\repository\org\junit\platform\junit-platform-suite-engine\1.9.2\junit-platform-suite-engine-1.9.2.jar;C:\Users\Medle\.m2\repository\org\junit\platform\junit-platform-suite-commons\1.9.2\junit-platform-suite-commons-1.9.2.jar;C:\Users\Medle\.m2\repository\org\junit\platform\junit-platform-launcher\1.9.2\junit-platform-launcher-1.9.2.jar;C:\Users\Medle\.m2\repository\org\assertj\assertj-core\3.24.2\assertj-core-3.24.2.jar;C:\Users\Medle\.m2\repository\net\bytebuddy\byte-buddy\1.12.21\byte-buddy-1.12.21.jar;"/>
    <property name="java.vm.vendor" value="Oracle Corporation"/>
    <property name="sun.arch.data.model" value="64"/>
    <property name="user.variant" value=""/>
    <property name="java.vendor.url" value="https://java.oracle.com/"/>
    <property name="user.timezone" value="Europe/Minsk"/>
    <property name="os.name" value="Windows 10"/>
    <property name="java.vm.specification.version" value="19"/>
    <property name="sun.java.launcher" value="SUN_STANDARD"/>
    <property name="user.country" value="US"/>
    <property name="sun.boot.library.path" value="C:\Program Files\Java\jdk-19\bin"/>
    <property name="sun.java.command" value="C:\Users\Medle\AppData\Local\Temp\surefire5238647960330208114\surefirebooter-20230328232751386_3.jar C:\Users\Medle\AppData\Local\Temp\surefire5238647960330208114 2023-03-28T23-27-51_260-jvmRun1 surefire-20230328232751386_1tmp surefire_0-20230328232751386_2tmp"/>
    <property name="jdk.debug" value="release"/>
    <property name="surefire.test.class.path" value="C:\Users\Medle\IdeaProjects\Calculator4ITAcad\target\test-classes;C:\Users\Medle\IdeaProjects\Calculator4ITAcad\target\classes;C:\Users\Medle\.m2\repository\org\junit\jupiter\junit-jupiter-engine\5.9.2\junit-jupiter-engine-5.9.2.jar;C:\Users\Medle\.m2\repository\org\junit\platform\junit-platform-engine\1.9.2\junit-platform-engine-1.9.2.jar;C:\Users\Medle\.m2\repository\org\apiguardian\apiguardian-api\1.1.2\apiguardian-api-1.1.2.jar;C:\Users\Medle\.m2\repository\org\junit\jupiter\junit-jupiter-api\5.9.2\junit-jupiter-api-5.9.2.jar;C:\Users\Medle\.m2\repository\org\opentest4j\opentest4j\1.2.0\opentest4j-1.2.0.jar;C:\Users\Medle\.m2\repository\org\junit\platform\junit-platform-commons\1.9.2\junit-platform-commons-1.9.2.jar;C:\Users\Medle\.m2\repository\org\junit\jupiter\junit-jupiter-params\5.9.2\junit-jupiter-params-5.9.2.jar;C:\Users\Medle\.m2\repository\org\junit\platform\junit-platform-suite\1.9.2\junit-platform-suite-1.9.2.jar;C:\Users\Medle\.m2\repository\org\junit\platform\junit-platform-suite-api\1.9.2\junit-platform-suite-api-1.9.2.jar;C:\Users\Medle\.m2\repository\org\junit\platform\junit-platform-suite-engine\1.9.2\junit-platform-suite-engine-1.9.2.jar;C:\Users\Medle\.m2\repository\org\junit\platform\junit-platform-suite-commons\1.9.2\junit-platform-suite-commons-1.9.2.jar;C:\Users\Medle\.m2\repository\org\junit\platform\junit-platform-launcher\1.9.2\junit-platform-launcher-1.9.2.jar;C:\Users\Medle\.m2\repository\org\assertj\assertj-core\3.24.2\assertj-core-3.24.2.jar;C:\Users\Medle\.m2\repository\net\bytebuddy\byte-buddy\1.12.21\byte-buddy-1.12.21.jar;"/>
    <property name="sun.cpu.endian" value="little"/>
    <property name="user.home" value="C:\Users\Medle"/>
    <property name="user.language" value="en"/>
    <property name="java.specification.vendor" value="Oracle Corporation"/>
    <property name="java.version.date" value="2022-10-18"/>
    <property name="java.home" value="C:\Program Files\Java\jdk-19"/>
    <property name="file.separator" value="\"/>
    <property name="basedir" value="C:\Users\Medle\IdeaProjects\Calculator4ITAcad"/>
    <property name="java.vm.compressedOopsMode" value="Zero based"/>
    <property name="line.separator" value="&#10;"/>
    <property name="java.vm.specification.vendor" value="Oracle Corporation"/>
    <property name="java.specification.name" value="Java Platform API Specification"/>
    <property name="surefire.real.class.path" value="C:\Users\Medle\AppData\Local\Temp\surefire5238647960330208114\surefirebooter-20230328232751386_3.jar"/>
    <property name="user.script" value=""/>
    <property name="sun.management.compiler" value="HotSpot 64-Bit Tiered Compilers"/>
    <property name="java.runtime.version" value="19.0.1+10-21"/>
    <property name="user.name" value="Medle"/>
    <property name="stdout.encoding" value="Cp1251"/>
    <property name="path.separator" value=";"/>
    <property name="os.version" value="10.0"/>
    <property name="java.runtime.name" value="Java(TM) SE Runtime Environment"/>
    <property name="file.encoding" value="UTF-8"/>
    <property name="java.vm.name" value="Java HotSpot(TM) 64-Bit Server VM"/>
    <property name="localRepository" value="C:\Users\Medle\.m2\repository"/>
    <property name="java.vendor.url.bug" value="https://bugreport.java.com/bugreport/"/>
    <property name="java.io.tmpdir" value="C:\Users\Medle\AppData\Local\Temp\"/>
    <property name="idea.version" value="2022.2"/>
    <property name="java.version" value="19.0.1"/>
    <property name="user.dir" value="C:\Users\Medle\IdeaProjects\Calculator4ITAcad"/>
    <property name="os.arch" value="amd64"/>
    <property name="java.vm.specification.name" value="Java Virtual Machine Specification"/>
    <property name="sun.os.patch.level" value=""/>
    <property name="native.encoding" value="Cp1251"/>
    <property name="java.library.path" value="C:\Program Files\Java\jdk-19\bin;C:\WINDOWS\Sun\Java\bin;C:\WINDOWS\system32;C:\WINDOWS;C:\Program Files\Java\jdk-17.0.5;C:\Program Files\Common Files\Oracle\Java\javapath;C:\WINDOWS\system32;C:\WINDOWS;C:\WINDOWS\System32\Wbem;C:\WINDOWS\System32\WindowsPowerShell\v1.0\;C:\WINDOWS\System32\OpenSSH\;C:\Program Files\Git\cmd;C:\Gradle\gradle-7.5\bin;C:\Program Files\Git;C:\Program Files\NVIDIA Corporation\NVIDIA NvDLISR;C:\Program Files\Apache Software Foundation\apache-maven-3.8.7\bin;C:\Program Files\Cloudflare\Cloudflare WARP\;C:\Program Files (x86)\NVIDIA Corporation\PhysX\Common;C:\Program Files (x86)\Windows Kits\10\Windows Performance Toolkit\;C:\Program Files\Docker\Docker\resources\bin;C:\Program Files\MySQL\MySQL Shell 8.0\bin\;C:\Users\Medle\scoop\shims;C:\Users\Medle\AppData\Local\Microsoft\WindowsApps;;W:\IntelliJ IDEA 2022.2\bin;;."/>
    <property name="java.vm.info" value="mixed mode, sharing"/>
    <property name="stderr.encoding" value="Cp1251"/>
    <property name="java.vendor" value="Oracle Corporation"/>
    <property name="java.vm.version" value="19.0.1+10-21"/>
    <property name="sun.io.unicode.encoding" value="UnicodeLittle"/>
    <property name="java.class.version" value="63.0"/>
  </properties>
  <testcase name="divisionTest(double, double, double)[1]" classname="com.it_academy.calculator.CalculatorBasicOperationsLogicTest" time="0.094"/>
  <testcase name="divisionTest(double, double, double)[2]" classname="com.it_academy.calculator.CalculatorBasicOperationsLogicTest" time="0.001"/>
  <testcase name="divisionTest(double, double, double)[3]" classname="com.it_academy.calculator.CalculatorBasicOperationsLogicTest" time="0.002"/>
  <testcase name="divisionTest(double, double, double)[4]" classname="com.it_academy.calculator.CalculatorBasicOperationsLogicTest" time="0.001"/>
  <testcase name="additionTest(double, double, double)[1]" classname="com.it_academy.calculator.CalculatorBasicOperationsLogicTest" time="0.002"/>
  <testcase name="additionTest(double, double, double)[2]" classname="com.it_academy.calculator.CalculatorBasicOperationsLogicTest" time="0.001"/>
  <testcase name="additionTest(double, double, double)[3]" classname="com.it_academy.calculator.CalculatorBasicOperationsLogicTest" time="0"/>
  <testcase name="additionTest(double, double, double)[4]" classname="com.it_academy.calculator.CalculatorBasicOperationsLogicTest" time="0.001"/>
  <testcase name="calcResultTest(double, double, double, char)[1]" classname="com.it_academy.calculator.CalculatorBasicOperationsLogicTest" time="0.006"/>
  <testcase name="calcResultTest(double, double, double, char)[2]" classname="com.it_academy.calculator.CalculatorBasicOperationsLogicTest" time="0.001"/>
  <testcase name="calcResultTest(double, double, double, char)[3]" classname="com.it_academy.calculator.CalculatorBasicOperationsLogicTest" time="0.001"/>
  <testcase name="calcResultTest(double, double, double, char)[4]" classname="com.it_academy.calculator.CalculatorBasicOperationsLogicTest" time="0.001"/>
  <testcase name="multiplicationTest(double, double, double)[1]" classname="com.it_academy.calculator.CalculatorBasicOperationsLogicTest" time="0.001"/>
  <testcase name="multiplicationTest(double, double, double)[2]" classname="com.it_academy.calculator.CalculatorBasicOperationsLogicTest" time="0.001"/>
  <testcase name="multiplicationTest(double, double, double)[3]" classname="com.it_academy.calculator.CalculatorBasicOperationsLogicTest" time="0.001"/>
  <testcase name="multiplicationTest(double, double, double)[4]" classname="com.it_academy.calculator.CalculatorBasicOperationsLogicTest" time="0.001"/>
  <testcase name="subtractionTest(double, double, double)[1]" classname="com.it_academy.calculator.CalculatorBasicOperationsLogicTest" time="0.001"/>
  <testcase name="subtractionTest(double, double, double)[2]" classname="com.it_academy.calculator.CalculatorBasicOperationsLogicTest" time="0"/>
  <testcase name="subtractionTest(double, double, double)[3]" classname="com.it_academy.calculator.CalculatorBasicOperationsLogicTest" time="0"/>
  <testcase name="subtractionTest(double, double, double)[4]" classname="com.it_academy.calculator.CalculatorBasicOperationsLogicTest" time="0.001"/>
</testsuite>